[INFO] Scanning for projects...
[INFO]                                                                         
[INFO] ------------------------------------------------------------------------
[INFO] Building jenkinsTest 0.0.1-SNAPSHOT
[INFO] ------------------------------------------------------------------------
[INFO] 
[INFO] >>> spring-boot-maven-plugin:2.2.0.RELEASE:run (default-cli) > test-compile @ jenkinsTest >>>
[INFO] 
[INFO] --- maven-resources-plugin:3.1.0:resources (default-resources) @ jenkinsTest ---
[INFO] Using 'UTF-8' encoding to copy filtered resources.
[INFO] Copying 1 resource
[INFO] Copying 0 resource
[INFO] 
[INFO] --- maven-compiler-plugin:3.8.1:compile (default-compile) @ jenkinsTest ---
[INFO] Nothing to compile - all classes are up to date
[INFO] 
[INFO] --- maven-resources-plugin:3.1.0:testResources (default-testResources) @ jenkinsTest ---
[INFO] Using 'UTF-8' encoding to copy filtered resources.
[INFO] skip non existing resourceDirectory /Users/divanshu.aggarwal/Documents/practice/private/test_jenkins/src/test/resources
[INFO] 
[INFO] --- maven-compiler-plugin:3.8.1:testCompile (default-testCompile) @ jenkinsTest ---
[INFO] Nothing to compile - all classes are up to date
[INFO] 
[INFO] <<< spring-boot-maven-plugin:2.2.0.RELEASE:run (default-cli) < test-compile @ jenkinsTest <<<
[INFO] 
[INFO] --- spring-boot-maven-plugin:2.2.0.RELEASE:run (default-cli) @ jenkinsTest ---
[INFO] Attaching agents: []

  .   ____          _            __ _ _
 /\\ / ___'_ __ _ _(_)_ __  __ _ \ \ \ \
( ( )\___ | '_ | '_| | '_ \/ _` | \ \ \ \
 \\/  ___)| |_)| | | | | || (_| |  ) ) ) )
  '  |____| .__|_| |_|_| |_\__, | / / / /
 =========|_|==============|___/=/_/_/_/
 :: Spring Boot ::        (v2.2.0.RELEASE)

2019-10-21 22:16:19.823  INFO 50444 --- [           main] c.e.jenkinsTest.JenkinsTestApplication   : Starting JenkinsTestApplication on SW-LP00636-2.local with PID 50444 (/Users/divanshu.aggarwal/Documents/practice/private/test_jenkins/target/classes started by divanshu.aggarwal in /Users/divanshu.aggarwal/Documents/practice/private/test_jenkins)
2019-10-21 22:16:19.826  INFO 50444 --- [           main] c.e.jenkinsTest.JenkinsTestApplication   : No active profile set, falling back to default profiles: default
2019-10-21 22:16:20.430  INFO 50444 --- [           main] o.s.b.w.embedded.tomcat.TomcatWebServer  : Tomcat initialized with port(s): 8090 (http)
2019-10-21 22:16:20.439  INFO 50444 --- [           main] o.apache.catalina.core.StandardService   : Starting service [Tomcat]
2019-10-21 22:16:20.439  INFO 50444 --- [           main] org.apache.catalina.core.StandardEngine  : Starting Servlet engine: [Apache Tomcat/9.0.27]
2019-10-21 22:16:20.483  INFO 50444 --- [           main] o.a.c.c.C.[Tomcat].[localhost].[/]       : Initializing Spring embedded WebApplicationContext
2019-10-21 22:16:20.483  INFO 50444 --- [           main] o.s.web.context.ContextLoader            : Root WebApplicationContext: initialization completed in 612 ms
2019-10-21 22:16:20.594  INFO 50444 --- [           main] o.s.s.concurrent.ThreadPoolTaskExecutor  : Initializing ExecutorService 'applicationTaskExecutor'
2019-10-21 22:16:20.705  INFO 50444 --- [           main] o.s.b.w.embedded.tomcat.TomcatWebServer  : Tomcat started on port(s): 8090 (http) with context path ''
2019-10-21 22:16:20.708  INFO 50444 --- [           main] c.e.jenkinsTest.JenkinsTestApplication   : Started JenkinsTestApplication in 1.116 seconds (JVM running for 1.383)
2019-10-21 22:20:21.421  INFO 50444 --- [extShutdownHook] o.s.s.concurrent.ThreadPoolTaskExecutor  : Shutting down ExecutorService 'applicationTaskExecutor'
[INFO] ------------------------------------------------------------------------
[INFO] BUILD FAILURE
[INFO] ------------------------------------------------------------------------
[INFO] Total time: 04:03 min
[INFO] Finished at: 2019-10-21T22:20:21+05:30
[INFO] Final Memory: 28M/437M
[INFO] ------------------------------------------------------------------------
[ERROR] Failed to execute goal org.springframework.boot:spring-boot-maven-plugin:2.2.0.RELEASE:run (default-cli) on project jenkinsTest: Application finished with exit code: 143 -> [Help 1]
[ERROR] 
[ERROR] To see the full stack trace of the errors, re-run Maven with the -e switch.
[ERROR] Re-run Maven using the -X switch to enable full debug logging.
[ERROR] 
[ERROR] For more information about the errors and possible solutions, please read the following articles:
[ERROR] [Help 1] http://cwiki.apache.org/confluence/display/MAVEN/MojoExecutionException
